<?xml version="1.0" encoding="UTF-8"?>
<!-- Generated by org.testng.reporters.JUnitReportReporter -->
<testsuite hostname="DESKTOP-OMHU1EM" failures="0" tests="1" name="mavenforjenkins.TestUITest" time="26.923" errors="0" timestamp="2024-09-03T19:06:50 PKT" skipped="0">
  <testcase classname="mavenforjenkins.TestUITest" name="Review_Candidate" time="26.923"/>
</testsuite> <!-- mavenforjenkins.TestUITest -->
